# JRE version: Java(TM) SE Runtime Environment (17.0.2+8) (build 17.0.2+8-LTS-86)
# Java VM: Java HotSpot(TM) 64-Bit Server VM (17.0.2+8-LTS-86, mixed mode, sharing, tiered, compressed oops, compressed class ptrs, g1 gc, bsd-aarch64)
GC Precious Log:
 CPUs: 8 total, 8 available
 Memory: 8192M
 Large Page Support: Disabled
 NUMA Support: Disabled
 Compressed Oops: Enabled (Zero based)
 Heap Region Size: 1M
 Heap Min Capacity: 8M
 Heap Initial Capacity: 128M
 Heap Max Capacity: 2G
 Pre-touch: Disabled
 Parallel Workers: 8
 Concurrent Workers: 2
 Concurrent Refinement Workers: 8
 Periodic GC: Disabled
Heap:
 garbage-first heap   total 147456K, used 42259K [0x0000000780000000, 0x0000000800000000)
  region size 1024K, 3 young (3072K), 1 survivors (1024K)
 Metaspace       used 50568K, committed 50816K, reserved 1097728K
  class space    used 5983K, committed 6080K, reserved 1048576K
GC Heap History (20 events):
Event: 33.089 GC heap before
{Heap before GC invocations=42 (full 0):
 garbage-first heap   total 153600K, used 131636K [0x0000000780000000, 0x0000000800000000)
  region size 1024K, 84 young (86016K), 5 survivors (5120K)
 Metaspace       used 49839K, committed 50112K, reserved 1097728K
  class space    used 5950K, committed 6080K, reserved 1048576K
}
Event: 33.094 GC heap after
{Heap after GC invocations=43 (full 0):
 garbage-first heap   total 153600K, used 44848K [0x0000000780000000, 0x0000000800000000)
  region size 1024K, 8 young (8192K), 8 survivors (8192K)
 Metaspace       used 49839K, committed 50112K, reserved 1097728K
  class space    used 5950K, committed 6080K, reserved 1048576K
}
Event: 33.095 GC heap before
{Heap before GC invocations=43 (full 0):
 garbage-first heap   total 153600K, used 45872K [0x0000000780000000, 0x0000000800000000)
  region size 1024K, 9 young (9216K), 8 survivors (8192K)
 Metaspace       used 49841K, committed 50112K, reserved 1097728K
  class space    used 5950K, committed 6080K, reserved 1048576K
}
Event: 33.098 GC heap after
{Heap after GC invocations=44 (full 0):
 garbage-first heap   total 153600K, used 42602K [0x0000000780000000, 0x0000000800000000)
  region size 1024K, 1 young (1024K), 1 survivors (1024K)
 Metaspace       used 49841K, committed 50112K, reserved 1097728K
  class space    used 5950K, committed 6080K, reserved 1048576K
}
Event: 34.351 GC heap before
{Heap before GC invocations=44 (full 0):
 garbage-first heap   total 153600K, used 124522K [0x0000000780000000, 0x0000000800000000)
  region size 1024K, 76 young (77824K), 1 survivors (1024K)
 Metaspace       used 49948K, committed 50304K, reserved 1097728K
  class space    used 5950K, committed 6080K, reserved 1048576K
}
Event: 34.354 GC heap after
{Heap after GC invocations=45 (full 0):
 garbage-first heap   total 153600K, used 55551K [0x0000000780000000, 0x0000000800000000)
  region size 1024K, 8 young (8192K), 8 survivors (8192K)
 Metaspace       used 49948K, committed 50304K, reserved 1097728K
  class space    used 5950K, committed 6080K, reserved 1048576K
}
Event: 34.355 GC heap before
{Heap before GC invocations=45 (full 0):
 garbage-first heap   total 153600K, used 55551K [0x0000000780000000, 0x0000000800000000)
  region size 1024K, 9 young (9216K), 8 survivors (8192K)
 Metaspace       used 49949K, committed 50304K, reserved 1097728K
  class space    used 5950K, committed 6080K, reserved 1048576K
}
Event: 34.358 GC heap after
{Heap after GC invocations=46 (full 0):
 garbage-first heap   total 153600K, used 54298K [0x0000000780000000, 0x0000000800000000)
  region size 1024K, 1 young (1024K), 1 survivors (1024K)
 Metaspace       used 49949K, committed 50304K, reserved 1097728K
  class space    used 5950K, committed 6080K, reserved 1048576K
}
Event: 38.788 GC heap before
{Heap before GC invocations=47 (full 0):
 garbage-first heap   total 153600K, used 125089K [0x0000000780000000, 0x0000000800000000)
  region size 1024K, 66 young (67584K), 1 survivors (1024K)
 Metaspace       used 50036K, committed 50368K, reserved 1097728K
  class space    used 5951K, committed 6080K, reserved 1048576K
}
Event: 38.792 GC heap after
{Heap after GC invocations=48 (full 0):
 garbage-first heap   total 153600K, used 66041K [0x0000000780000000, 0x0000000800000000)
  region size 1024K, 8 young (8192K), 8 survivors (8192K)
 Metaspace       used 50036K, committed 50368K, reserved 1097728K
  class space    used 5951K, committed 6080K, reserved 1048576K
}
Event: 38.814 GC heap before
{Heap before GC invocations=48 (full 0):
 garbage-first heap   total 153600K, used 67065K [0x0000000780000000, 0x0000000800000000)
  region size 1024K, 9 young (9216K), 8 survivors (8192K)
 Metaspace       used 50037K, committed 50368K, reserved 1097728K
  class space    used 5951K, committed 6080K, reserved 1048576K
}
Event: 38.818 GC heap after
{Heap after GC invocations=49 (full 0):
 garbage-first heap   total 153600K, used 59609K [0x0000000780000000, 0x0000000800000000)
  region size 1024K, 1 young (1024K), 1 survivors (1024K)
 Metaspace       used 50037K, committed 50368K, reserved 1097728K
  class space    used 5951K, committed 6080K, reserved 1048576K
}
Event: 38.974 GC heap before
{Heap before GC invocations=49 (full 0):
 garbage-first heap   total 153600K, used 71897K [0x0000000780000000, 0x0000000800000000)
  region size 1024K, 14 young (14336K), 1 survivors (1024K)
 Metaspace       used 50052K, committed 50368K, reserved 1097728K
  class space    used 5951K, committed 6080K, reserved 1048576K
}
Event: 38.975 GC heap after
{Heap after GC invocations=50 (full 0):
 garbage-first heap   total 153600K, used 60649K [0x0000000780000000, 0x0000000800000000)
  region size 1024K, 2 young (2048K), 2 survivors (2048K)
 Metaspace       used 50052K, committed 50368K, reserved 1097728K
  class space    used 5951K, committed 6080K, reserved 1048576K
}
Event: 41.525 GC heap before
{Heap before GC invocations=51 (full 0):
 garbage-first heap   total 153600K, used 116969K [0x0000000780000000, 0x0000000800000000)
  region size 1024K, 62 young (63488K), 2 survivors (2048K)
 Metaspace       used 50223K, committed 50496K, reserved 1097728K
  class space    used 5959K, committed 6080K, reserved 1048576K
}
Event: 41.528 GC heap after
{Heap after GC invocations=52 (full 0):
 garbage-first heap   total 153600K, used 60867K [0x0000000780000000, 0x0000000800000000)
  region size 1024K, 7 young (7168K), 7 survivors (7168K)
 Metaspace       used 50223K, committed 50496K, reserved 1097728K
  class space    used 5959K, committed 6080K, reserved 1048576K
}
Event: 41.613 GC heap before
{Heap before GC invocations=52 (full 0):
 garbage-first heap   total 153600K, used 62915K [0x0000000780000000, 0x0000000800000000)
  region size 1024K, 8 young (8192K), 7 survivors (7168K)
 Metaspace       used 50224K, committed 50496K, reserved 1097728K
  class space    used 5959K, committed 6080K, reserved 1048576K
}
Event: 41.615 GC heap after
{Heap after GC invocations=53 (full 0):
 garbage-first heap   total 153600K, used 48852K [0x0000000780000000, 0x0000000800000000)
  region size 1024K, 1 young (1024K), 1 survivors (1024K)
 Metaspace       used 50224K, committed 50496K, reserved 1097728K
  class space    used 5959K, committed 6080K, reserved 1048576K
}
Event: 136.221 GC heap before
{Heap before GC invocations=53 (full 0):
 garbage-first heap   total 153600K, used 57044K [0x0000000780000000, 0x0000000800000000)
  region size 1024K, 10 young (10240K), 1 survivors (1024K)
 Metaspace       used 50565K, committed 50816K, reserved 1097728K
  class space    used 5983K, committed 6080K, reserved 1048576K
}
Event: 136.225 GC heap after
{Heap after GC invocations=54 (full 0):
 garbage-first heap   total 153600K, used 49427K [0x0000000780000000, 0x0000000800000000)
  region size 1024K, 1 young (1024K), 1 survivors (1024K)
 Metaspace       used 50565K, committed 50816K, reserved 1097728K
  class space    used 5983K, committed 6080K, reserved 1048576K
}

